<?xml version="1.0" encoding="UTF-8"?>
<testsuite xmlns:xsi="http://www.w3.org/2001/XMLSchema-instance" xsi:noNamespaceSchemaLocation="https://maven.apache.org/surefire/maven-surefire-plugin/xsd/surefire-test-report.xsd" version="3.0.2" name="com.example.makemytrip.MakemytripApplicationTests" time="1.179" tests="1" errors="0" skipped="0" failures="0">
  <properties>
[...]
</properties>
  <testcase name="contextLoads" classname="com.example.makemytrip.MakemytripApplicationTests" time="0.352">
    <system-out><![CDATA[09:23:57.044 [main] INFO org.springframework.test.context.support.AnnotationConfigContextLoaderUtils -- Could not detect default configuration classes for test class [com.example.makemytrip.MakemytripApplicationTests]: MakemytripApplicationTests does not declare any static, non-private, non-final, nested classes annotated with @Configuration.
09:23:57.088 [main] INFO org.springframework.boot.test.context.SpringBootTestContextBootstrapper -- Found @SpringBootConfiguration com.example.makemytrip.MakemytripApplication for test class com.example.makemytrip.MakemytripApplicationTests

  .   ____          _            __ _ _
 /\\ / ___'_ __ _ _(_)_ __  __ _ \ \ \ \
( ( )\___ | '_ | '_| | '_ \/ _` | \ \ \ \
 \\/  ___)| |_)| | | | | || (_| |  ) ) ) )
  '  |____| .__|_| |_|_| |_\__, | / / / /
 =========|_|==============|___/=/_/_/_/

 :: Spring Boot ::               (v3.4.12)

2025-11-22T09:23:57.252+05:30  INFO 31319 --- [makemytrip] [           main] c.e.m.MakemytripApplicationTests         : Starting MakemytripApplicationTests using Java 22.0.2 with PID 31319 (started by satyampandey in /Users/satyampandey/Downloads/makemytrip)
2025-11-22T09:23:57.252+05:30  INFO 31319 --- [makemytrip] [           main] c.e.m.MakemytripApplicationTests         : No active profile set, falling back to 1 default profile: "default"
2025-11-22T09:23:57.746+05:30  INFO 31319 --- [makemytrip] [           main] o.s.b.a.e.web.EndpointLinksResolver      : Exposing 1 endpoint beneath base path '/actuator'
2025-11-22T09:23:57.767+05:30  INFO 31319 --- [makemytrip] [           main] c.e.m.MakemytripApplicationTests         : Started MakemytripApplicationTests in 0.63 seconds (process running for 0.981)
]]></system-out>
    <system-err><![CDATA[Mockito is currently self-attaching to enable the inline-mock-maker. This will no longer work in future releases of the JDK. Please add Mockito as an agent to your build what is described in Mockito's documentation: https://javadoc.io/doc/org.mockito/mockito-core/latest/org/mockito/Mockito.html#0.3
WARNING: A Java agent has been loaded dynamically (/Users/satyampandey/.m2/repository/net/bytebuddy/byte-buddy-agent/1.15.11/byte-buddy-agent-1.15.11.jar)
WARNING: If a serviceability tool is in use, please run with -XX:+EnableDynamicAgentLoading to hide this warning
WARNING: If a serviceability tool is not in use, please run with -Djdk.instrument.traceUsage for more information
WARNING: Dynamic loading of agents will be disallowed by default in a future release
]]></system-err>
  </testcase>
</testsuite>